<?xml version="1.0" encoding="UTF-8"?>
<!-- Generated by org.testng.reporters.JUnitReportReporter -->
<testsuite hostname="DESKTOP-UP80JA0" failures="0" tests="1" name="com.crm.qa.testcases.HomePageTest" time="11.211" errors="0" timestamp="2025-07-24T14:08:39 IST" skipped="0">
  <testcase classname="com.crm.qa.testcases.HomePageTest" name="userClickUdemyCourseButtonTest" time="11.211"/>
</testsuite> <!-- com.crm.qa.testcases.HomePageTest -->
